<?xml version="1.0" encoding="utf-8" standalone="no"?>
<!--This file represents the results of running a test suite-->
<test-results name="C:\Users\scoun\projects\tikaondotnet\src\TikaOnDotNet.Tests\bin\Release\TikaOnDotNet.Tests.dll" total="18" errors="0" failures="0" not-run="0" inconclusive="0" ignored="0" skipped="0" invalid="0" date="2016-04-10" time="15:03:46">
  <environment nunit-version="2.6.4.14350" clr-version="2.0.50727.8670" os-version="Microsoft Windows NT 6.2.9200.0" platform="Win32NT" cwd="C:\Users\scoun\projects\tikaondotnet" machine-name="DESKTOP-J2VESHU" user="scoun" user-domain="DESKTOP-J2VESHU" />
  <culture-info current-culture="en-US" current-uiculture="en-US" />
  <test-suite type="Assembly" name="C:\Users\scoun\projects\tikaondotnet\src\TikaOnDotNet.Tests\bin\Release\TikaOnDotNet.Tests.dll" executed="True" result="Success" success="True" time="8.868" asserts="0">
    <results>
      <test-suite type="Namespace" name="TikaOnDotNet" executed="True" result="Success" success="True" time="8.861" asserts="0">
        <results>
          <test-suite type="Namespace" name="Tests" executed="True" result="Success" success="True" time="8.860" asserts="0">
            <results>
              <test-suite type="TestFixture" name="text_extraction" executed="True" result="Success" success="True" time="8.859" asserts="0">
                <results>
                  <test-case name="TikaOnDotNet.Tests.text_extraction.extract_by_filepath_should_add_filepath_to_metadata" executed="True" result="Success" success="True" time="4.838" asserts="0" />
                  <test-case name="TikaOnDotNet.Tests.text_extraction.non_existing_files_should_fail_with_exception" executed="True" result="Success" success="True" time="0.016" asserts="0" />
                  <test-case name="TikaOnDotNet.Tests.text_extraction.non_existing_uri_should_fail_with_exception" executed="True" result="Success" success="True" time="0.224" asserts="0" />
                  <test-case name="TikaOnDotNet.Tests.text_extraction.should_be_able_to_delete_the_mp4_after_extraction" executed="True" result="Success" success="True" time="0.082" asserts="0" />
                  <test-case name="TikaOnDotNet.Tests.text_extraction.should_extract_contained_filenames_and_text_from_zips" executed="True" result="Success" success="True" time="1.628" asserts="0" />
                  <test-case name="TikaOnDotNet.Tests.text_extraction.should_extract_contained_filenames_from_zips" executed="True" result="Success" success="True" time="0.125" asserts="0" />
                  <test-case name="TikaOnDotNet.Tests.text_extraction.should_extract_from_doc" executed="True" result="Success" success="True" time="0.232" asserts="0" />
                  <test-case name="TikaOnDotNet.Tests.text_extraction.should_extract_from_docx" executed="True" result="Success" success="True" time="0.044" asserts="0" />
                  <test-case name="TikaOnDotNet.Tests.text_extraction.should_extract_from_jpg" executed="True" result="Success" success="True" time="0.030" asserts="0" />
                  <test-case name="TikaOnDotNet.Tests.text_extraction.should_extract_from_pdf" executed="True" result="Success" success="True" time="0.408" asserts="0" />
                  <test-case name="TikaOnDotNet.Tests.text_extraction.should_extract_from_ppt" executed="True" result="Success" success="True" time="0.229" asserts="0" />
                  <test-case name="TikaOnDotNet.Tests.text_extraction.should_extract_from_pptx" executed="True" result="Success" success="True" time="0.069" asserts="0" />
                  <test-case name="TikaOnDotNet.Tests.text_extraction.should_extract_from_rtf" executed="True" result="Success" success="True" time="0.295" asserts="0" />
                  <test-case name="TikaOnDotNet.Tests.text_extraction.should_extract_from_uri" executed="True" result="Success" success="True" time="0.251" asserts="0" />
                  <test-case name="TikaOnDotNet.Tests.text_extraction.should_extract_from_xls" executed="True" result="Success" success="True" time="0.148" asserts="0" />
                  <test-case name="TikaOnDotNet.Tests.text_extraction.should_extract_from_xls_with_byte" executed="True" result="Success" success="True" time="0.028" asserts="0" />
                  <test-case name="TikaOnDotNet.Tests.text_extraction.should_extract_from_xlsx" executed="True" result="Success" success="True" time="0.040" asserts="0" />
                  <test-case name="TikaOnDotNet.Tests.text_extraction.should_extract_mp4" executed="True" result="Success" success="True" time="0.030" asserts="0" />
                </results>
              </test-suite>
            </results>
          </test-suite>
        </results>
      </test-suite>
    </results>
  </test-suite>
</test-results>